<?xml version="1.0" encoding="UTF-8"?>
<testsuite xmlns:xsi="http://www.w3.org/2001/XMLSchema-instance" xsi:noNamespaceSchemaLocation="https://maven.apache.org/surefire/maven-surefire-plugin/xsd/surefire-test-report.xsd" version="3.0.1" name="TestSuite" time="0.441" tests="3" errors="0" skipped="0" failures="0">
  <properties>
[...]
</properties>
  <testcase name="Demo" classname="testng.IntroToTestNG" time="0.005">
    <system-out><![CDATA[Hello
]]></system-out>
    <system-err><![CDATA[SLF4J(W): No SLF4J providers were found.
SLF4J(W): Defaulting to no-operation (NOP) logger implementation
SLF4J(W): See https://www.slf4j.org/codes.html#noProviders for further details.
]]></system-err>
  </testcase>
  <testcase name="Day_2" classname="testng.IntroTestNG_2" time="0.003">
    <system-out><![CDATA[Good
]]></system-out>
  </testcase>
  <testcase name="Skip" classname="testng.IntroTestNG_2" time="0.0">
    <system-out><![CDATA[Skip
]]></system-out>
  </testcase>
</testsuite>