<?xml version="1.0" encoding="UTF-8"?>
<testng-results ignored="0" total="3" passed="3" failed="0" skipped="0">
  <reporter-output>
  </reporter-output>
  <suite started-at="2026-01-21T12:16:12 IST" name="Suite" finished-at="2026-01-21T12:16:12 IST" duration-ms="34">
    <groups>
    </groups>
    <test started-at="2026-01-21T12:16:12 IST" name="Test_1" finished-at="2026-01-21T12:16:12 IST" duration-ms="34">
      <class name="testng.IntroTestNG_2">
        <test-method signature="Day_2()[pri:0, instance:testng.IntroTestNG_2@79e2c065]" started-at="2026-01-21T12:16:12 IST" name="Day_2" finished-at="2026-01-21T12:16:12 IST" duration-ms="0" status="PASS">
          <reporter-output>
          </reporter-output>
        </test-method> <!-- Day_2 -->
        <test-method signature="Skip()[pri:0, instance:testng.IntroTestNG_2@79e2c065]" started-at="2026-01-21T12:16:12 IST" name="Skip" finished-at="2026-01-21T12:16:12 IST" duration-ms="1" status="PASS">
          <reporter-output>
          </reporter-output>
        </test-method> <!-- Skip -->
      </class> <!-- testng.IntroTestNG_2 -->
      <class name="testng.IntroToTestNG">
        <test-method signature="Demo()[pri:0, instance:testng.IntroToTestNG@16293aa2]" started-at="2026-01-21T12:16:12 IST" name="Demo" finished-at="2026-01-21T12:16:12 IST" duration-ms="3" status="PASS">
          <reporter-output>
          </reporter-output>
        </test-method> <!-- Demo -->
      </class> <!-- testng.IntroToTestNG -->
    </test> <!-- Test_1 -->
  </suite> <!-- Suite -->
</testng-results>
